<?xml version="1.0" encoding="UTF-8" ?>
<testsuite failures="1" time="1.093" errors="0" skipped="87" tests="88" name="TestSuite">
  <properties>
[...]
</properties>
  <testcase time="1.085" classname="chapter03.hibernate.PersistenceTest" name="setUp">
    <failure message="org.hibernate.integrator.spi.Integrator: Provider org.hibernate.ogm.service.impl.OgmIntegrator could not be instantiated: java.lang.NoClassDefFoundError: org/hibernate/boot/registry/StandardServiceInitiator" type="java.util.ServiceConfigurationError">java.util.ServiceConfigurationError: org.hibernate.integrator.spi.Integrator: Provider org.hibernate.ogm.service.impl.OgmIntegrator could not be instantiated: java.lang.NoClassDefFoundError: org/hibernate/boot/registry/StandardServiceInitiator
	at java.util.ServiceLoader.fail(ServiceLoader.java:224)
	at java.util.ServiceLoader.access$100(ServiceLoader.java:181)
	at java.util.ServiceLoader$LazyIterator.next(ServiceLoader.java:377)
	at java.util.ServiceLoader$1.next(ServiceLoader.java:445)
	at org.hibernate.service.classloading.internal.ClassLoaderServiceImpl.loadJavaServices(ClassLoaderServiceImpl.java:246)
	at org.hibernate.integrator.internal.IntegratorServiceImpl.&lt;init&gt;(IntegratorServiceImpl.java:53)
	at org.hibernate.service.internal.BootstrapServiceRegistryImpl.&lt;init&gt;(BootstrapServiceRegistryImpl.java:105)
	at org.hibernate.service.internal.BootstrapServiceRegistryImpl.&lt;init&gt;(BootstrapServiceRegistryImpl.java:73)
	at org.hibernate.service.ServiceRegistryBuilder.&lt;init&gt;(ServiceRegistryBuilder.java:78)
	at chapter03.hibernate.PersistenceTest.setUp(PersistenceTest.java:26)
Caused by: java.lang.NoClassDefFoundError: org/hibernate/boot/registry/StandardServiceInitiator
	at java.lang.Class.getDeclaredConstructors0(Native Method)
	at java.lang.Class.privateGetDeclaredConstructors(Class.java:2483)
	at java.lang.Class.getConstructor0(Class.java:2793)
	at java.lang.Class.newInstance(Class.java:345)
	at java.util.ServiceLoader$LazyIterator.next(ServiceLoader.java:373)
	... 35 more
Caused by: java.lang.ClassNotFoundException: org.hibernate.boot.registry.StandardServiceInitiator
	at java.net.URLClassLoader$1.run(URLClassLoader.java:366)
	at java.net.URLClassLoader$1.run(URLClassLoader.java:355)
	at java.security.AccessController.doPrivileged(Native Method)
	at java.net.URLClassLoader.findClass(URLClassLoader.java:354)
	at java.lang.ClassLoader.loadClass(ClassLoader.java:424)
	at sun.misc.Launcher$AppClassLoader.loadClass(Launcher.java:308)
	at java.lang.ClassLoader.loadClass(ClassLoader.java:357)
	... 40 more
</failure>
    <system-out>Configuring TestNG with: org.apache.maven.surefire.testng.conf.TestNG652Configurator@2c21a44e
00:36:26.893 [main] DEBUG org.jboss.logging - Logging Provider: org.jboss.logging.Slf4jLoggerProvider
00:36:26.926 [main] DEBUG org.hibernate.type.BasicTypeRegistry - Adding type registration boolean -&gt; org.hibernate.type.BooleanType@2e485858
00:36:26.926 [main] DEBUG org.hibernate.type.BasicTypeRegistry - Adding type registration boolean -&gt; org.hibernate.type.BooleanType@2e485858
00:36:26.926 [main] DEBUG org.hibernate.type.BasicTypeRegistry - Adding type registration java.lang.Boolean -&gt; org.hibernate.type.BooleanType@2e485858
00:36:26.927 [main] DEBUG org.hibernate.type.BasicTypeRegistry - Adding type registration numeric_boolean -&gt; org.hibernate.type.NumericBooleanType@1434108e
00:36:26.929 [main] DEBUG org.hibernate.type.BasicTypeRegistry - Adding type registration true_false -&gt; org.hibernate.type.TrueFalseType@5b98f833
00:36:26.929 [main] DEBUG org.hibernate.type.BasicTypeRegistry - Adding type registration yes_no -&gt; org.hibernate.type.YesNoType@320bdadc
00:36:26.931 [main] DEBUG org.hibernate.type.BasicTypeRegistry - Adding type registration byte -&gt; org.hibernate.type.ByteType@15fe4211
00:36:26.931 [main] DEBUG org.hibernate.type.BasicTypeRegistry - Adding type registration byte -&gt; org.hibernate.type.ByteType@15fe4211
00:36:26.931 [main] DEBUG org.hibernate.type.BasicTypeRegistry - Adding type registration java.lang.Byte -&gt; org.hibernate.type.ByteType@15fe4211
00:36:26.932 [main] DEBUG org.hibernate.type.BasicTypeRegistry - Adding type registration character -&gt; org.hibernate.type.CharacterType@6ceeaa27
00:36:26.933 [main] DEBUG org.hibernate.type.BasicTypeRegistry - Adding type registration char -&gt; org.hibernate.type.CharacterType@6ceeaa27
00:36:26.933 [main] DEBUG org.hibernate.type.BasicTypeRegistry - Adding type registration java.lang.Character -&gt; org.hibernate.type.CharacterType@6ceeaa27
00:36:26.935 [main] DEBUG org.hibernate.type.BasicTypeRegistry - Adding type registration short -&gt; org.hibernate.type.ShortType@6fcc5b5d
00:36:26.935 [main] DEBUG org.hibernate.type.BasicTypeRegistry - Adding type registration short -&gt; org.hibernate.type.ShortType@6fcc5b5d
00:36:26.935 [main] DEBUG org.hibernate.type.BasicTypeRegistry - Adding type registration java.lang.Short -&gt; org.hibernate.type.ShortType@6fcc5b5d
00:36:26.936 [main] DEBUG org.hibernate.type.BasicTypeRegistry - Adding type registration integer -&gt; org.hibernate.type.IntegerType@73fa5e49
00:36:26.937 [main] DEBUG org.hibernate.type.BasicTypeRegistry - Adding type registration int -&gt; org.hibernate.type.IntegerType@73fa5e49
00:36:26.937 [main] DEBUG org.hibernate.type.BasicTypeRegistry - Adding type registration java.lang.Integer -&gt; org.hibernate.type.IntegerType@73fa5e49
00:36:26.938 [main] DEBUG org.hibernate.type.BasicTypeRegistry - Adding type registration long -&gt; org.hibernate.type.LongType@62ffae4c
00:36:26.938 [main] DEBUG org.hibernate.type.BasicTypeRegistry - Adding type registration long -&gt; org.hibernate.type.LongType@62ffae4c
00:36:26.939 [main] DEBUG org.hibernate.type.BasicTypeRegistry - Adding type registration java.lang.Long -&gt; org.hibernate.type.LongType@62ffae4c
00:36:26.942 [main] DEBUG org.hibernate.type.BasicTypeRegistry - Adding type registration float -&gt; org.hibernate.type.FloatType@627fbcda
00:36:26.943 [main] DEBUG org.hibernate.type.BasicTypeRegistry - Adding type registration float -&gt; org.hibernate.type.FloatType@627fbcda
00:36:26.943 [main] DEBUG org.hibernate.type.BasicTypeRegistry - Adding type registration java.lang.Float -&gt; org.hibernate.type.FloatType@627fbcda
00:36:26.944 [main] DEBUG org.hibernate.type.BasicTypeRegistry - Adding type registration double -&gt; org.hibernate.type.DoubleType@616a37dc
00:36:26.944 [main] DEBUG org.hibernate.type.BasicTypeRegistry - Adding type registration double -&gt; org.hibernate.type.DoubleType@616a37dc
00:36:26.944 [main] DEBUG org.hibernate.type.BasicTypeRegistry - Adding type registration java.lang.Double -&gt; org.hibernate.type.DoubleType@616a37dc
00:36:26.946 [main] DEBUG org.hibernate.type.BasicTypeRegistry - Adding type registration big_decimal -&gt; org.hibernate.type.BigDecimalType@41a881cc
00:36:26.946 [main] DEBUG org.hibernate.type.BasicTypeRegistry - Adding type registration java.math.BigDecimal -&gt; org.hibernate.type.BigDecimalType@41a881cc
00:36:26.948 [main] DEBUG org.hibernate.type.BasicTypeRegistry - Adding type registration big_integer -&gt; org.hibernate.type.BigIntegerType@12b7e845
00:36:26.948 [main] DEBUG org.hibernate.type.BasicTypeRegistry - Adding type registration java.math.BigInteger -&gt; org.hibernate.type.BigIntegerType@12b7e845
00:36:26.949 [main] DEBUG org.hibernate.type.BasicTypeRegistry - Adding type registration string -&gt; org.hibernate.type.StringType@686fe5d3
00:36:26.949 [main] DEBUG org.hibernate.type.BasicTypeRegistry - Adding type registration java.lang.String -&gt; org.hibernate.type.StringType@686fe5d3
00:36:26.950 [main] DEBUG org.hibernate.type.BasicTypeRegistry - Adding type registration nstring -&gt; org.hibernate.type.StringNVarcharType@2dca2026
00:36:26.951 [main] DEBUG org.hibernate.type.BasicTypeRegistry - Adding type registration ncharacter -&gt; org.hibernate.type.CharacterNCharType@5b70d9d4
00:36:26.952 [main] DEBUG org.hibernate.type.BasicTypeRegistry - Adding type registration url -&gt; org.hibernate.type.UrlType@27317fbc
00:36:26.952 [main] DEBUG org.hibernate.type.BasicTypeRegistry - Adding type registration java.net.URL -&gt; org.hibernate.type.UrlType@27317fbc
00:36:26.953 [main] DEBUG org.hibernate.type.BasicTypeRegistry - Adding type registration date -&gt; org.hibernate.type.DateType@22d330da
00:36:26.953 [main] DEBUG org.hibernate.type.BasicTypeRegistry - Adding type registration java.sql.Date -&gt; org.hibernate.type.DateType@22d330da
00:36:26.955 [main] DEBUG org.hibernate.type.BasicTypeRegistry - Adding type registration time -&gt; org.hibernate.type.TimeType@117a1ad3
00:36:26.955 [main] DEBUG org.hibernate.type.BasicTypeRegistry - Adding type registration java.sql.Time -&gt; org.hibernate.type.TimeType@117a1ad3
00:36:26.956 [main] DEBUG org.hibernate.type.BasicTypeRegistry - Adding type registration timestamp -&gt; org.hibernate.type.TimestampType@3fa980b
00:36:26.957 [main] DEBUG org.hibernate.type.BasicTypeRegistry - Adding type registration java.sql.Timestamp -&gt; org.hibernate.type.TimestampType@3fa980b
00:36:26.957 [main] DEBUG org.hibernate.type.BasicTypeRegistry - Adding type registration java.util.Date -&gt; org.hibernate.type.TimestampType@3fa980b
00:36:26.958 [main] DEBUG org.hibernate.type.BasicTypeRegistry - Adding type registration dbtimestamp -&gt; org.hibernate.type.DbTimestampType@4e96d02d
00:36:26.959 [main] DEBUG org.hibernate.type.BasicTypeRegistry - Adding type registration calendar -&gt; org.hibernate.type.CalendarType@74e3391b
00:36:26.959 [main] DEBUG org.hibernate.type.BasicTypeRegistry - Adding type registration java.util.Calendar -&gt; org.hibernate.type.CalendarType@74e3391b
00:36:26.959 [main] DEBUG org.hibernate.type.BasicTypeRegistry - Adding type registration java.util.GregorianCalendar -&gt; org.hibernate.type.CalendarType@74e3391b
00:36:26.960 [main] DEBUG org.hibernate.type.BasicTypeRegistry - Adding type registration calendar_date -&gt; org.hibernate.type.CalendarDateType@7a7ecb9
00:36:26.961 [main] DEBUG org.hibernate.type.BasicTypeRegistry - Adding type registration locale -&gt; org.hibernate.type.LocaleType@22d3d11f
00:36:26.961 [main] DEBUG org.hibernate.type.BasicTypeRegistry - Adding type registration java.util.Locale -&gt; org.hibernate.type.LocaleType@22d3d11f
00:36:26.961 [main] DEBUG org.hibernate.type.BasicTypeRegistry - Adding type registration currency -&gt; org.hibernate.type.CurrencyType@310f891b
00:36:26.962 [main] DEBUG org.hibernate.type.BasicTypeRegistry - Adding type registration java.util.Currency -&gt; org.hibernate.type.CurrencyType@310f891b
00:36:26.962 [main] DEBUG org.hibernate.type.BasicTypeRegistry - Adding type registration timezone -&gt; org.hibernate.type.TimeZoneType@6d392fa5
00:36:26.962 [main] DEBUG org.hibernate.type.BasicTypeRegistry - Adding type registration java.util.TimeZone -&gt; org.hibernate.type.TimeZoneType@6d392fa5
00:36:26.963 [main] DEBUG org.hibernate.type.BasicTypeRegistry - Adding type registration class -&gt; org.hibernate.type.ClassType@2414b575
00:36:26.963 [main] DEBUG org.hibernate.type.BasicTypeRegistry - Adding type registration java.lang.Class -&gt; org.hibernate.type.ClassType@2414b575
00:36:26.965 [main] DEBUG org.hibernate.type.BasicTypeRegistry - Adding type registration uuid-binary -&gt; org.hibernate.type.UUIDBinaryType@1594af77
00:36:26.965 [main] DEBUG org.hibernate.type.BasicTypeRegistry - Adding type registration java.util.UUID -&gt; org.hibernate.type.UUIDBinaryType@1594af77
00:36:26.965 [main] DEBUG org.hibernate.type.BasicTypeRegistry - Adding type registration uuid-char -&gt; org.hibernate.type.UUIDCharType@671ef685
00:36:26.966 [main] DEBUG org.hibernate.type.BasicTypeRegistry - Adding type registration pg-uuid -&gt; org.hibernate.type.PostgresUUIDType@845ca53
00:36:26.967 [main] DEBUG org.hibernate.type.BasicTypeRegistry - Adding type registration binary -&gt; org.hibernate.type.BinaryType@1ddde560
00:36:26.967 [main] DEBUG org.hibernate.type.BasicTypeRegistry - Adding type registration byte[] -&gt; org.hibernate.type.BinaryType@1ddde560
00:36:26.967 [main] DEBUG org.hibernate.type.BasicTypeRegistry - Adding type registration [B -&gt; org.hibernate.type.BinaryType@1ddde560
00:36:26.968 [main] DEBUG org.hibernate.type.BasicTypeRegistry - Adding type registration wrapper-binary -&gt; org.hibernate.type.WrapperBinaryType@2a1ed2f0
00:36:26.968 [main] DEBUG org.hibernate.type.BasicTypeRegistry - Adding type registration Byte[] -&gt; org.hibernate.type.WrapperBinaryType@2a1ed2f0
00:36:26.968 [main] DEBUG org.hibernate.type.BasicTypeRegistry - Adding type registration [Ljava.lang.Byte; -&gt; org.hibernate.type.WrapperBinaryType@2a1ed2f0
00:36:26.969 [main] DEBUG org.hibernate.type.BasicTypeRegistry - Adding type registration image -&gt; org.hibernate.type.ImageType@7fafd333
00:36:26.970 [main] DEBUG org.hibernate.type.BasicTypeRegistry - Adding type registration characters -&gt; org.hibernate.type.CharArrayType@67c9c73
00:36:26.970 [main] DEBUG org.hibernate.type.BasicTypeRegistry - Adding type registration char[] -&gt; org.hibernate.type.CharArrayType@67c9c73
00:36:26.970 [main] DEBUG org.hibernate.type.BasicTypeRegistry - Adding type registration [C -&gt; org.hibernate.type.CharArrayType@67c9c73
00:36:26.971 [main] DEBUG org.hibernate.type.BasicTypeRegistry - Adding type registration wrapper-characters -&gt; org.hibernate.type.CharacterArrayType@625e64fe
00:36:26.971 [main] DEBUG org.hibernate.type.BasicTypeRegistry - Adding type registration [Ljava.lang.Character; -&gt; org.hibernate.type.CharacterArrayType@625e64fe
00:36:26.971 [main] DEBUG org.hibernate.type.BasicTypeRegistry - Adding type registration Character[] -&gt; org.hibernate.type.CharacterArrayType@625e64fe
00:36:26.972 [main] DEBUG org.hibernate.type.BasicTypeRegistry - Adding type registration text -&gt; org.hibernate.type.TextType@30a2268a
00:36:26.973 [main] DEBUG org.hibernate.type.BasicTypeRegistry - Adding type registration ntext -&gt; org.hibernate.type.NTextType@2d3cd0ba
00:36:26.978 [main] DEBUG org.hibernate.type.BasicTypeRegistry - Adding type registration blob -&gt; org.hibernate.type.BlobType@2b7de6a8
00:36:26.978 [main] DEBUG org.hibernate.type.BasicTypeRegistry - Adding type registration java.sql.Blob -&gt; org.hibernate.type.BlobType@2b7de6a8
00:36:26.978 [main] DEBUG org.hibernate.type.BasicTypeRegistry - Adding type registration materialized_blob -&gt; org.hibernate.type.MaterializedBlobType@73250065
00:36:26.982 [main] DEBUG org.hibernate.type.BasicTypeRegistry - Adding type registration clob -&gt; org.hibernate.type.ClobType@34903c8b
00:36:26.982 [main] DEBUG org.hibernate.type.BasicTypeRegistry - Adding type registration java.sql.Clob -&gt; org.hibernate.type.ClobType@34903c8b
00:36:26.985 [main] DEBUG org.hibernate.type.BasicTypeRegistry - Adding type registration nclob -&gt; org.hibernate.type.NClobType@202e68f9
00:36:26.986 [main] DEBUG org.hibernate.type.BasicTypeRegistry - Adding type registration java.sql.NClob -&gt; org.hibernate.type.NClobType@202e68f9
00:36:26.986 [main] DEBUG org.hibernate.type.BasicTypeRegistry - Adding type registration materialized_clob -&gt; org.hibernate.type.MaterializedClobType@5169751d
00:36:26.986 [main] DEBUG org.hibernate.type.BasicTypeRegistry - Adding type registration materialized_nclob -&gt; org.hibernate.type.MaterializedNClobType@431d908
00:36:26.987 [main] DEBUG org.hibernate.type.BasicTypeRegistry - Adding type registration serializable -&gt; org.hibernate.type.SerializableType@37b1e2a3
00:36:26.990 [main] DEBUG org.hibernate.type.BasicTypeRegistry - Adding type registration object -&gt; org.hibernate.type.ObjectType@2d738f8d
00:36:26.990 [main] DEBUG org.hibernate.type.BasicTypeRegistry - Adding type registration java.lang.Object -&gt; org.hibernate.type.ObjectType@2d738f8d
00:36:26.990 [main] DEBUG org.hibernate.type.BasicTypeRegistry - Adding type registration imm_date -&gt; org.hibernate.type.AdaptedImmutableType@25d00e75
00:36:26.990 [main] DEBUG org.hibernate.type.BasicTypeRegistry - Adding type registration imm_time -&gt; org.hibernate.type.AdaptedImmutableType@7e6536b7
00:36:26.991 [main] DEBUG org.hibernate.type.BasicTypeRegistry - Adding type registration imm_timestamp -&gt; org.hibernate.type.AdaptedImmutableType@26eb6935
00:36:26.991 [main] DEBUG org.hibernate.type.BasicTypeRegistry - Adding type registration imm_dbtimestamp -&gt; org.hibernate.type.AdaptedImmutableType@29482a89
00:36:26.991 [main] DEBUG org.hibernate.type.BasicTypeRegistry - Adding type registration imm_calendar -&gt; org.hibernate.type.AdaptedImmutableType@40e09d8b
00:36:26.991 [main] DEBUG org.hibernate.type.BasicTypeRegistry - Adding type registration imm_calendar_date -&gt; org.hibernate.type.AdaptedImmutableType@5a8731f3
00:36:26.991 [main] DEBUG org.hibernate.type.BasicTypeRegistry - Adding type registration imm_binary -&gt; org.hibernate.type.AdaptedImmutableType@61e076f3
00:36:26.991 [main] DEBUG org.hibernate.type.BasicTypeRegistry - Adding type registration imm_serializable -&gt; org.hibernate.type.AdaptedImmutableType@57a17db8
00:36:27.009 [main] INFO  o.h.annotations.common.Version - HCANN000001: Hibernate Commons Annotations {4.0.2.Final}
00:36:27.024 [main] INFO  org.hibernate.Version - HHH000412: Hibernate Core {4.2.18.Final}
00:36:27.026 [main] INFO  org.hibernate.cfg.Environment - HHH000206: hibernate.properties not found
00:36:27.027 [main] INFO  org.hibernate.cfg.Environment - HHH000021: Bytecode provider name : javassist
00:36:27.043 [main] DEBUG o.h.i.f.i.DefaultIdentifierGeneratorFactory - Registering IdentifierGenerator strategy [uuid2] -&gt; [org.hibernate.id.UUIDGenerator]
00:36:27.044 [main] DEBUG o.h.i.f.i.DefaultIdentifierGeneratorFactory - Registering IdentifierGenerator strategy [guid] -&gt; [org.hibernate.id.GUIDGenerator]
00:36:27.045 [main] DEBUG o.h.i.f.i.DefaultIdentifierGeneratorFactory - Registering IdentifierGenerator strategy [uuid] -&gt; [org.hibernate.id.UUIDHexGenerator]
00:36:27.045 [main] DEBUG o.h.i.f.i.DefaultIdentifierGeneratorFactory - Registering IdentifierGenerator strategy [uuid.hex] -&gt; [org.hibernate.id.UUIDHexGenerator]
00:36:27.046 [main] DEBUG o.h.i.f.i.DefaultIdentifierGeneratorFactory - Registering IdentifierGenerator strategy [hilo] -&gt; [org.hibernate.id.TableHiLoGenerator]
00:36:27.047 [main] DEBUG o.h.i.f.i.DefaultIdentifierGeneratorFactory - Registering IdentifierGenerator strategy [assigned] -&gt; [org.hibernate.id.Assigned]
00:36:27.048 [main] DEBUG o.h.i.f.i.DefaultIdentifierGeneratorFactory - Registering IdentifierGenerator strategy [identity] -&gt; [org.hibernate.id.IdentityGenerator]
00:36:27.048 [main] DEBUG o.h.i.f.i.DefaultIdentifierGeneratorFactory - Registering IdentifierGenerator strategy [select] -&gt; [org.hibernate.id.SelectGenerator]
00:36:27.049 [main] DEBUG o.h.i.f.i.DefaultIdentifierGeneratorFactory - Registering IdentifierGenerator strategy [sequence] -&gt; [org.hibernate.id.SequenceGenerator]
00:36:27.049 [main] DEBUG o.h.i.f.i.DefaultIdentifierGeneratorFactory - Registering IdentifierGenerator strategy [seqhilo] -&gt; [org.hibernate.id.SequenceHiLoGenerator]
00:36:27.050 [main] DEBUG o.h.i.f.i.DefaultIdentifierGeneratorFactory - Registering IdentifierGenerator strategy [increment] -&gt; [org.hibernate.id.IncrementGenerator]
00:36:27.050 [main] DEBUG o.h.i.f.i.DefaultIdentifierGeneratorFactory - Registering IdentifierGenerator strategy [foreign] -&gt; [org.hibernate.id.ForeignGenerator]
00:36:27.051 [main] DEBUG o.h.i.f.i.DefaultIdentifierGeneratorFactory - Registering IdentifierGenerator strategy [sequence-identity] -&gt; [org.hibernate.id.SequenceIdentityGenerator]
00:36:27.051 [main] DEBUG o.h.i.f.i.DefaultIdentifierGeneratorFactory - Registering IdentifierGenerator strategy [enhanced-sequence] -&gt; [org.hibernate.id.enhanced.SequenceStyleGenerator]
00:36:27.052 [main] DEBUG o.h.i.f.i.DefaultIdentifierGeneratorFactory - Registering IdentifierGenerator strategy [enhanced-table] -&gt; [org.hibernate.id.enhanced.TableGenerator]
00:36:27.056 [main] INFO  org.hibernate.cfg.Configuration - HHH000043: Configuring from resource: /hibernate.cfg.xml
00:36:27.056 [main] INFO  org.hibernate.cfg.Configuration - HHH000040: Configuration resource: /hibernate.cfg.xml
00:36:27.094 [main] DEBUG o.h.i.util.xml.DTDEntityResolver - Trying to resolve system-id [http://www.hibernate.org/dtd/hibernate-configuration-3.0.dtd]
00:36:27.094 [main] DEBUG o.h.i.util.xml.DTDEntityResolver - Recognized hibernate namespace; attempting to resolve on classpath under org/hibernate/
00:36:27.094 [main] DEBUG o.h.i.util.xml.DTDEntityResolver - Located [http://www.hibernate.org/dtd/hibernate-configuration-3.0.dtd] in classpath
00:36:27.121 [main] DEBUG org.hibernate.cfg.Configuration - connection.driver_class=org.hsqldb.jdbcDriver
00:36:27.121 [main] DEBUG org.hibernate.cfg.Configuration - connection.url=jdbc:hsqldb:hsql://localhost/
00:36:27.121 [main] DEBUG org.hibernate.cfg.Configuration - connection.username=sa
00:36:27.121 [main] DEBUG org.hibernate.cfg.Configuration - connection.password=
00:36:27.122 [main] DEBUG org.hibernate.cfg.Configuration - connection.pool_size=1
00:36:27.122 [main] DEBUG org.hibernate.cfg.Configuration - dialect=org.hibernate.dialect.HSQLDialect
00:36:27.122 [main] DEBUG org.hibernate.cfg.Configuration - current_session_context_class=thread
00:36:27.122 [main] DEBUG org.hibernate.cfg.Configuration - cache.provider_class=org.hibernate.cache.internal.NoCacheProvider
00:36:27.122 [main] DEBUG org.hibernate.cfg.Configuration - show_sql=true
00:36:27.122 [main] DEBUG org.hibernate.cfg.Configuration - format_sql=true
00:36:27.122 [main] DEBUG org.hibernate.cfg.Configuration - use_sql_comments=true
00:36:27.122 [main] DEBUG org.hibernate.cfg.Configuration - hbm2ddl.auto=create-drop
00:36:27.123 [main] DEBUG org.hibernate.cfg.Configuration - Session-factory config [null] named class [au.com.aussie.chapter09.Supplier] for mapping
00:36:27.133 [main] DEBUG org.hibernate.cfg.Configuration - Session-factory config [null] named class [au.com.aussie.chapter09.Product] for mapping
00:36:27.134 [main] DEBUG org.hibernate.cfg.Configuration - Session-factory config [null] named class [au.com.aussie.chapter09.Software] for mapping
00:36:27.135 [main] INFO  org.hibernate.cfg.Configuration - HHH000041: Configured SessionFactory: null
00:36:27.135 [main] DEBUG org.hibernate.cfg.Configuration - Properties: {show_sql=true, java.vendor=Oracle Corporation, localRepository=D:\Repositories\m2_local, sun.java.launcher=SUN_STANDARD, hibernate.connection.url=jdbc:hsqldb:hsql://localhost/, sun.management.compiler=HotSpot 64-Bit Tiered Compilers, use_sql_comments=true, hbm2ddl.auto=create-drop, os.name=Windows 7, sun.boot.class.path=D:\java\jdk1.7\jre\lib\resources.jar;D:\java\jdk1.7\jre\lib\rt.jar;D:\java\jdk1.7\jre\lib\sunrsasign.jar;D:\java\jdk1.7\jre\lib\jsse.jar;D:\java\jdk1.7\jre\lib\jce.jar;D:\java\jdk1.7\jre\lib\charsets.jar;D:\java\jdk1.7\jre\lib\jfr.jar;D:\java\jdk1.7\jre\classes, hibernate.current_session_context_class=thread, sun.desktop=windows, java.vm.specification.vendor=Oracle Corporation, java.runtime.version=1.7.0_25-b17, hibernate.cache.provider_class=org.hibernate.cache.internal.NoCacheProvider, user.name=Daniel, connection.driver_class=org.hsqldb.jdbcDriver, current_session_context_class=thread, user.language=ko, sun.boot.library.path=D:\java\jdk1.7\jre\bin, dialect=org.hibernate.dialect.HSQLDialect, java.version=1.7.0_25, user.timezone=Australia/Sydney, sun.arch.data.model=64, java.endorsed.dirs=D:\java\jdk1.7\jre\lib\endorsed, sun.cpu.isalist=amd64, sun.jnu.encoding=MS949, file.encoding.pkg=sun.io, file.separator=\, java.specification.name=Java Platform API Specification, hibernate.format_sql=true, java.class.version=51.0, user.country=KR, connection.url=jdbc:hsqldb:hsql://localhost/, java.home=D:\java\jdk1.7\jre, java.vm.info=mixed mode, os.version=6.1, surefire.real.class.path=D:\Repositories\github\fu5858\hibernate4Ex\hibernate4Ex\target\surefire\surefirebooter6263895930514226344.jar, path.separator=;, connection.password=, java.vm.version=23.25-b01, hibernate.connection.password=, user.variant=, java.awt.printerjob=sun.awt.windows.WPrinterJob, sun.io.unicode.encoding=UnicodeLittle, awt.toolkit=sun.awt.windows.WToolkit, hibernate.connection.username=sa, user.script=, user.home=C:\Users\Daniel, java.specification.vendor=Oracle Corporation, hibernate.hbm2ddl.auto=create-drop, java.library.path=D:\java\jdk1.7\jre\bin;C:\Windows\Sun\Java\bin;C:\Windows\system32;C:\Windows;D:/java/jdk1.7/bin/../jre/bin/server;D:/java/jdk1.7/bin/../jre/bin;D:/java/jdk1.7/bin/../jre/lib/amd64;D:\java\jdk1.7\bin;C:\Program Files (x86)\Wizvera\Delfino;C:\Windows\system32;C:\Windows;C:\Windows\System32\Wbem;C:\Windows\System32\WindowsPowerShell\v1.0\;C:\Program Files (x86)\ATI Technologies\ATI.ACE\Core-Static;D:\DevTools\TortoiseHg\;D:\DevTools\apache-maven-3.2.1\bin;D:\DevTools\Groovy-2.3.3\bin;D:\scala\bin;C:\Program Files (x86)\sbt\;C:\Program Files (x86)\QuickTime\QTSystem\;C:\Program Files (x86)\CloudFoundry;C:\Program Files (x86)\AMD\ATI.ACE\Core-Static;C:\Program Files (x86)\ESTsoft\ALSee\x64;D:\DevTools\sts-bundle\sts-3.6.3.SR1;;., java.vendor.url=http://java.oracle.com/, hibernate.connection.driver_class=org.hsqldb.jdbcDriver, connection.username=sa, java.vm.vendor=Oracle Corporation, hibernate.dialect=org.hibernate.dialect.HSQLDialect, java.runtime.name=Java(TM) SE Runtime Environment, sun.java.command=D:\Repositories\github\fu5858\hibernate4Ex\hibernate4Ex\target\surefire\surefirebooter6263895930514226344.jar D:\Repositories\github\fu5858\hibernate4Ex\hibernate4Ex\target\surefire\surefire7990109258902102152tmp D:\Repositories\github\fu5858\hibernate4Ex\hibernate4Ex\target\surefire\surefire_09192473416063712551tmp, java.class.path=D:\Repositories\github\fu5858\hibernate4Ex\hibernate4Ex\target\test-classes;D:\Repositories\github\fu5858\hibernate4Ex\hibernate4Ex\target\classes;D:\Repositories\m2_local\org\springframework\spring-context\3.2.3.RELEASE\spring-context-3.2.3.RELEASE.jar;D:\Repositories\m2_local\org\springframework\spring-aop\3.2.3.RELEASE\spring-aop-3.2.3.RELEASE.jar;D:\Repositories\m2_local\org\springframework\spring-beans\3.2.3.RELEASE\spring-beans-3.2.3.RELEASE.jar;D:\Repositories\m2_local\org\springframework\spring-core\3.2.3.RELEASE\spring-core-3.2.3.RELEASE.jar;D:\Repositories\m2_local\commons-logging\commons-logging\1.1.1\commons-logging-1.1.1.jar;D:\Repositories\m2_local\org\springframework\spring-expression\3.2.3.RELEASE\spring-expression-3.2.3.RELEASE.jar;D:\Repositories\m2_local\org\springframework\spring-tx\3.2.3.RELEASE\spring-tx-3.2.3.RELEASE.jar;D:\Repositories\m2_local\aopalliance\aopalliance\1.0\aopalliance-1.0.jar;D:\Repositories\m2_local\org\slf4j\slf4j-api\1.7.5\slf4j-api-1.7.5.jar;D:\Repositories\m2_local\ch\qos\logback\logback-classic\1.0.13\logback-classic-1.0.13.jar;D:\Repositories\m2_local\ch\qos\logback\logback-core\1.0.13\logback-core-1.0.13.jar;D:\Repositories\m2_local\org\hibernate\hibernate-entitymanager\4.2.18.Final\hibernate-entitymanager-4.2.18.Final.jar;D:\Repositories\m2_local\org\jboss\logging\jboss-logging\3.1.0.GA\jboss-logging-3.1.0.GA.jar;D:\Repositories\m2_local\dom4j\dom4j\1.6.1\dom4j-1.6.1.jar;D:\Repositories\m2_local\org\javassist\javassist\3.18.1-GA\javassist-3.18.1-GA.jar;D:\Repositories\m2_local\org\hibernate\common\hibernate-commons-annotations\4.0.2.Final\hibernate-commons-annotations-4.0.2.Final.jar;D:\Repositories\m2_local\org\hibernate\hibernate-core\4.2.18.Final\hibernate-core-4.2.18.Final.jar;D:\Repositories\m2_local\antlr\antlr\2.7.7\antlr-2.7.7.jar;D:\Repositories\m2_local\org\hibernate\hibernate-c3p0\4.2.18.Final\hibernate-c3p0-4.2.18.Final.jar;D:\Repositories\m2_local\com\mchange\c3p0\0.9.5\c3p0-0.9.5.jar;D:\Repositories\m2_local\com\mchange\mchange-commons-java\0.2.9\mchange-commons-java-0.2.9.jar;D:\Repositories\m2_local\org\hibernate\ogm\hibernate-ogm-mongodb\4.1.2.Final\hibernate-ogm-mongodb-4.1.2.Final.jar;D:\Repositories\m2_local\org\hibernate\ogm\hibernate-ogm-core\4.1.2.Final\hibernate-ogm-core-4.1.2.Final.jar;D:\Repositories\m2_local\org\hibernate\hql\hibernate-hql-parser\1.1.0.Final\hibernate-hql-parser-1.1.0.Final.jar;D:\Repositories\m2_local\org\antlr\antlr-runtime\3.4\antlr-runtime-3.4.jar;D:\Repositories\m2_local\org\antlr\stringtemplate\3.2.1\stringtemplate-3.2.1.jar;D:\Repositories\m2_local\org\mongodb\mongo-java-driver\2.12.4\mongo-java-driver-2.12.4.jar;D:\Repositories\m2_local\org\parboiled\parboiled-java\1.1.6\parboiled-java-1.1.6.jar;D:\Repositories\m2_local\org\parboiled\parboiled-core\1.1.6\parboiled-core-1.1.6.jar;D:\Repositories\m2_local\org\ow2\asm\asm\4.1\asm-4.1.jar;D:\Repositories\m2_local\org\ow2\asm\asm-tree\4.1\asm-tree-4.1.jar;D:\Repositories\m2_local\org\ow2\asm\asm-analysis\4.1\asm-analysis-4.1.jar;D:\Repositories\m2_local\org\ow2\asm\asm-util\4.1\asm-util-4.1.jar;D:\Repositories\m2_local\org\hibernate\ogm\hibernate-ogm-infinispan\4.1.2.Final\hibernate-ogm-infinispan-4.1.2.Final.jar;D:\Repositories\m2_local\org\hibernate\hql\hibernate-hql-lucene\1.1.0.Final\hibernate-hql-lucene-1.1.0.Final.jar;D:\Repositories\m2_local\org\hibernate\hibernate-search-engine\5.0.0.Final\hibernate-search-engine-5.0.0.Final.jar;D:\Repositories\m2_local\org\apache\lucene\lucene-core\4.10.2\lucene-core-4.10.2.jar;D:\Repositories\m2_local\org\apache\lucene\lucene-analyzers-common\4.10.2\lucene-analyzers-common-4.10.2.jar;D:\Repositories\m2_local\org\apache\lucene\lucene-facet\4.10.2\lucene-facet-4.10.2.jar;D:\Repositories\m2_local\org\apache\lucene\lucene-queries\4.10.2\lucene-queries-4.10.2.jar;D:\Repositories\m2_local\org\hibernate\javax\persistence\hibernate-jpa-2.1-api\1.0.0.Final\hibernate-jpa-2.1-api-1.0.0.Final.jar;D:\Repositories\m2_local\org\hibernate\hibernate-search-orm\5.0.0.Final\hibernate-search-orm-5.0.0.Final.jar;D:\Repositories\m2_local\org\infinispan\infinispan-core\7.0.3.Final\infinispan-core-7.0.3.Final.jar;D:\Repositories\m2_local\org\infinispan\infinispan-commons\7.0.3.Final\infinispan-commons-7.0.3.Final.jar;D:\Repositories\m2_local\org\jgroups\jgroups\3.6.1.Final\jgroups-3.6.1.Final.jar;D:\Repositories\m2_local\org\jboss\marshalling\jboss-marshalling-osgi\1.4.4.Final\jboss-marshalling-osgi-1.4.4.Final.jar;D:\Repositories\m2_local\org\hibernate\javax\persistence\hibernate-jpa-2.0-api\1.0.1.Final\hibernate-jpa-2.0-api-1.0.1.Final.jar;D:\Repositories\m2_local\org\jboss\spec\javax\transaction\jboss-transaction-api_1.1_spec\1.0.1.Final\jboss-transaction-api_1.1_spec-1.0.1.Final.jar;D:\Repositories\m2_local\org\hibernate\hibernate-search\4.4.2.Final\hibernate-search-4.4.2.Final.jar;D:\Repositories\m2_local\org\jboss\jbossts\jbossjta\4.16.6.Final\jbossjta-4.16.6.Final.jar;D:\Repositories\m2_local\org\mongodb\morphia\morphia\0.110\morphia-0.110.jar;D:\Repositories\m2_local\org\mongodb\morphia\morphia-util\0.110\morphia-util-0.110.jar;D:\Repositories\m2_local\com\thoughtworks\proxytoys\proxytoys\1.0\proxytoys-1.0.jar;D:\Repositories\m2_local\org\hibernate\hibernate-validator\5.1.3.Final\hibernate-validator-5.1.3.Final.jar;D:\Repositories\m2_local\javax\validation\validation-api\1.1.0.Final\validation-api-1.1.0.Final.jar;D:\Repositories\m2_local\com\fasterxml\classmate\1.0.0\classmate-1.0.0.jar;D:\Repositories\m2_local\org\hibernate\hibernate-validator-cdi\5.1.3.Final\hibernate-validator-cdi-5.1.3.Final.jar;D:\Repositories\m2_local\javax\el\javax.el-api\2.2.4\javax.el-api-2.2.4.jar;D:\Repositories\m2_local\org\glassfish\web\javax.el\2.2.4\javax.el-2.2.4.jar;D:\Repositories\m2_local\org\hsqldb\hsqldb\2.3.2\hsqldb-2.3.2.jar;D:\Repositories\m2_local\org\springframework\spring-test\3.2.3.RELEASE\spring-test-3.2.3.RELEASE.jar;D:\Repositories\m2_local\org\testng\testng\6.8.17\testng-6.8.17.jar;D:\Repositories\m2_local\org\beanshell\bsh\2.0b4\bsh-2.0b4.jar;D:\Repositories\m2_local\com\beust\jcommander\1.27\jcommander-1.27.jar;D:\Repositories\m2_local\org\projectlombok\lombok\1.16.2\lombok-1.16.2.jar;D:\Repositories\m2_local\org\apache\maven\surefire\surefire-testng-utils\2.12.4\surefire-testng-utils-2.12.4.jar;D:\Repositories\m2_local\org\apache\maven\surefire\surefire-grouper\2.12.4\surefire-grouper-2.12.4.jar;, hibernate.bytecode.use_reflection_optimizer=false, java.vm.specification.name=Java Virtual Machine Specification, java.vm.specification.version=1.7, sun.cpu.endian=little, sun.os.patch.level=Service Pack 1, surefire.test.class.path=D:\Repositories\github\fu5858\hibernate4Ex\hibernate4Ex\target\test-classes;D:\Repositories\github\fu5858\hibernate4Ex\hibernate4Ex\target\classes;D:\Repositories\m2_local\org\springframework\spring-context\3.2.3.RELEASE\spring-context-3.2.3.RELEASE.jar;D:\Repositories\m2_local\org\springframework\spring-aop\3.2.3.RELEASE\spring-aop-3.2.3.RELEASE.jar;D:\Repositories\m2_local\org\springframework\spring-beans\3.2.3.RELEASE\spring-beans-3.2.3.RELEASE.jar;D:\Repositories\m2_local\org\springframework\spring-core\3.2.3.RELEASE\spring-core-3.2.3.RELEASE.jar;D:\Repositories\m2_local\commons-logging\commons-logging\1.1.1\commons-logging-1.1.1.jar;D:\Repositories\m2_local\org\springframework\spring-expression\3.2.3.RELEASE\spring-expression-3.2.3.RELEASE.jar;D:\Repositories\m2_local\org\springframework\spring-tx\3.2.3.RELEASE\spring-tx-3.2.3.RELEASE.jar;D:\Repositories\m2_local\aopalliance\aopalliance\1.0\aopalliance-1.0.jar;D:\Repositories\m2_local\org\slf4j\slf4j-api\1.7.5\slf4j-api-1.7.5.jar;D:\Repositories\m2_local\ch\qos\logback\logback-classic\1.0.13\logback-classic-1.0.13.jar;D:\Repositories\m2_local\ch\qos\logback\logback-core\1.0.13\logback-core-1.0.13.jar;D:\Repositories\m2_local\org\hibernate\hibernate-entitymanager\4.2.18.Final\hibernate-entitymanager-4.2.18.Final.jar;D:\Repositories\m2_local\org\jboss\logging\jboss-logging\3.1.0.GA\jboss-logging-3.1.0.GA.jar;D:\Repositories\m2_local\dom4j\dom4j\1.6.1\dom4j-1.6.1.jar;D:\Repositories\m2_local\org\javassist\javassist\3.18.1-GA\javassist-3.18.1-GA.jar;D:\Repositories\m2_local\org\hibernate\common\hibernate-commons-annotations\4.0.2.Final\hibernate-commons-annotations-4.0.2.Final.jar;D:\Repositories\m2_local\org\hibernate\hibernate-core\4.2.18.Final\hibernate-core-4.2.18.Final.jar;D:\Repositories\m2_local\antlr\antlr\2.7.7\antlr-2.7.7.jar;D:\Repositories\m2_local\org\hibernate\hibernate-c3p0\4.2.18.Final\hibernate-c3p0-4.2.18.Final.jar;D:\Repositories\m2_local\com\mchange\c3p0\0.9.5\c3p0-0.9.5.jar;D:\Repositories\m2_local\com\mchange\mchange-commons-java\0.2.9\mchange-commons-java-0.2.9.jar;D:\Repositories\m2_local\org\hibernate\ogm\hibernate-ogm-mongodb\4.1.2.Final\hibernate-ogm-mongodb-4.1.2.Final.jar;D:\Repositories\m2_local\org\hibernate\ogm\hibernate-ogm-core\4.1.2.Final\hibernate-ogm-core-4.1.2.Final.jar;D:\Repositories\m2_local\org\hibernate\hql\hibernate-hql-parser\1.1.0.Final\hibernate-hql-parser-1.1.0.Final.jar;D:\Repositories\m2_local\org\antlr\antlr-runtime\3.4\antlr-runtime-3.4.jar;D:\Repositories\m2_local\org\antlr\stringtemplate\3.2.1\stringtemplate-3.2.1.jar;D:\Repositories\m2_local\org\mongodb\mongo-java-driver\2.12.4\mongo-java-driver-2.12.4.jar;D:\Repositories\m2_local\org\parboiled\parboiled-java\1.1.6\parboiled-java-1.1.6.jar;D:\Repositories\m2_local\org\parboiled\parboiled-core\1.1.6\parboiled-core-1.1.6.jar;D:\Repositories\m2_local\org\ow2\asm\asm\4.1\asm-4.1.jar;D:\Repositories\m2_local\org\ow2\asm\asm-tree\4.1\asm-tree-4.1.jar;D:\Repositories\m2_local\org\ow2\asm\asm-analysis\4.1\asm-analysis-4.1.jar;D:\Repositories\m2_local\org\ow2\asm\asm-util\4.1\asm-util-4.1.jar;D:\Repositories\m2_local\org\hibernate\ogm\hibernate-ogm-infinispan\4.1.2.Final\hibernate-ogm-infinispan-4.1.2.Final.jar;D:\Repositories\m2_local\org\hibernate\hql\hibernate-hql-lucene\1.1.0.Final\hibernate-hql-lucene-1.1.0.Final.jar;D:\Repositories\m2_local\org\hibernate\hibernate-search-engine\5.0.0.Final\hibernate-search-engine-5.0.0.Final.jar;D:\Repositories\m2_local\org\apache\lucene\lucene-core\4.10.2\lucene-core-4.10.2.jar;D:\Repositories\m2_local\org\apache\lucene\lucene-analyzers-common\4.10.2\lucene-analyzers-common-4.10.2.jar;D:\Repositories\m2_local\org\apache\lucene\lucene-facet\4.10.2\lucene-facet-4.10.2.jar;D:\Repositories\m2_local\org\apache\lucene\lucene-queries\4.10.2\lucene-queries-4.10.2.jar;D:\Repositories\m2_local\org\hibernate\javax\persistence\hibernate-jpa-2.1-api\1.0.0.Final\hibernate-jpa-2.1-api-1.0.0.Final.jar;D:\Repositories\m2_local\org\hibernate\hibernate-search-orm\5.0.0.Final\hibernate-search-orm-5.0.0.Final.jar;D:\Repositories\m2_local\org\infinispan\infinispan-core\7.0.3.Final\infinispan-core-7.0.3.Final.jar;D:\Repositories\m2_local\org\infinispan\infinispan-commons\7.0.3.Final\infinispan-commons-7.0.3.Final.jar;D:\Repositories\m2_local\org\jgroups\jgroups\3.6.1.Final\jgroups-3.6.1.Final.jar;D:\Repositories\m2_local\org\jboss\marshalling\jboss-marshalling-osgi\1.4.4.Final\jboss-marshalling-osgi-1.4.4.Final.jar;D:\Repositories\m2_local\org\hibernate\javax\persistence\hibernate-jpa-2.0-api\1.0.1.Final\hibernate-jpa-2.0-api-1.0.1.Final.jar;D:\Repositories\m2_local\org\jboss\spec\javax\transaction\jboss-transaction-api_1.1_spec\1.0.1.Final\jboss-transaction-api_1.1_spec-1.0.1.Final.jar;D:\Repositories\m2_local\org\hibernate\hibernate-search\4.4.2.Final\hibernate-search-4.4.2.Final.jar;D:\Repositories\m2_local\org\jboss\jbossts\jbossjta\4.16.6.Final\jbossjta-4.16.6.Final.jar;D:\Repositories\m2_local\org\mongodb\morphia\morphia\0.110\morphia-0.110.jar;D:\Repositories\m2_local\org\mongodb\morphia\morphia-util\0.110\morphia-util-0.110.jar;D:\Repositories\m2_local\com\thoughtworks\proxytoys\proxytoys\1.0\proxytoys-1.0.jar;D:\Repositories\m2_local\org\hibernate\hibernate-validator\5.1.3.Final\hibernate-validator-5.1.3.Final.jar;D:\Repositories\m2_local\javax\validation\validation-api\1.1.0.Final\validation-api-1.1.0.Final.jar;D:\Repositories\m2_local\com\fasterxml\classmate\1.0.0\classmate-1.0.0.jar;D:\Repositories\m2_local\org\hibernate\hibernate-validator-cdi\5.1.3.Final\hibernate-validator-cdi-5.1.3.Final.jar;D:\Repositories\m2_local\javax\el\javax.el-api\2.2.4\javax.el-api-2.2.4.jar;D:\Repositories\m2_local\org\glassfish\web\javax.el\2.2.4\javax.el-2.2.4.jar;D:\Repositories\m2_local\org\hsqldb\hsqldb\2.3.2\hsqldb-2.3.2.jar;D:\Repositories\m2_local\org\springframework\spring-test\3.2.3.RELEASE\spring-test-3.2.3.RELEASE.jar;D:\Repositories\m2_local\org\testng\testng\6.8.17\testng-6.8.17.jar;D:\Repositories\m2_local\org\beanshell\bsh\2.0b4\bsh-2.0b4.jar;D:\Repositories\m2_local\com\beust\jcommander\1.27\jcommander-1.27.jar;D:\Repositories\m2_local\org\projectlombok\lombok\1.16.2\lombok-1.16.2.jar;D:\Repositories\m2_local\org\apache\maven\surefire\surefire-testng-utils\2.12.4\surefire-testng-utils-2.12.4.jar;D:\Repositories\m2_local\org\apache\maven\surefire\surefire-grouper\2.12.4\surefire-grouper-2.12.4.jar;, connection.pool_size=1, java.io.tmpdir=C:\Users\Daniel\AppData\Local\Temp\, java.vendor.url.bug=http://bugreport.sun.com/bugreport/, os.arch=amd64, java.awt.graphicsenv=sun.awt.Win32GraphicsEnvironment, java.ext.dirs=D:\java\jdk1.7\jre\lib\ext;C:\Windows\Sun\Java\lib\ext, hibernate.use_sql_comments=true, user.dir=D:\Repositories\github\fu5858\hibernate4Ex\hibernate4Ex, line.separator=
, java.vm.name=Java HotSpot(TM) 64-Bit Server VM, basedir=D:\Repositories\github\fu5858\hibernate4Ex\hibernate4Ex, cache.provider_class=org.hibernate.cache.internal.NoCacheProvider, file.encoding=MS949, format_sql=true, java.specification.version=1.7, hibernate.show_sql=true, hibernate.connection.pool_size=1}
00:36:27.145 [main] DEBUG o.h.i.internal.IntegratorServiceImpl - Adding Integrator [org.hibernate.cfg.beanvalidation.BeanValidationIntegrator].
</system-out>
  </testcase>
  <testcase time="0" classname="chapter04.mapped.AssociationTest" name="ImpliedRelationship">
    <skipped/>
  </testcase>
  <testcase time="0" classname="chapter12.InfinispanTest" name="clearInfinispan">
    <skipped/>
  </testcase>
  <testcase time="0" classname="chapter12.InfinispanTest" name="testCR">
    <skipped/>
  </testcase>
  <testcase time="0" classname="chapter07.jpasession.JPASessionTest" name="getEntityManager">
    <skipped/>
  </testcase>
  <testcase time="0" classname="chapter07.jpasession.JPASessionTest" name="getSession">
    <skipped/>
  </testcase>
  <testcase time="0" classname="chapter07.jpasession.JPASessionTest" name="nonexistentEntityManagerName">
    <skipped/>
  </testcase>
  <testcase time="0" classname="chapter07.jpasession.JPASessionTest" name="nonexistentSession">
    <skipped/>
  </testcase>
  <testcase time="0" classname="chapter07.jpasession.JPASessionTest" name="testEntityManager">
    <skipped/>
  </testcase>
  <testcase time="0" classname="chapter07.jpasession.JPASessionTest" name="testSession">
    <skipped/>
  </testcase>
  <testcase time="0" classname="chapter07.lifecycle.LifecycleTest" name="testLifeCycle">
    <skipped/>
  </testcase>
  <testcase time="0" classname="chapter04.broken.MappingBrokenTest" name="testBrokenInversionCode">
    <skipped/>
  </testcase>
  <testcase time="0" classname="chapter04.broken.MappingBrokenTest" name="testProperSimpleInversionCode">
    <skipped/>
  </testcase>
  <testcase time="0" classname="chapter03.hibernate.ModelTest" name="testModelCreation">
    <skipped/>
  </testcase>
  <testcase time="0" classname="chapter06.naturalid.NaturalIDTest" name="testGetByNaturalID">
    <skipped/>
  </testcase>
  <testcase time="0" classname="chapter06.naturalid.NaturalIDTest" name="testLoadByNaturalID">
    <skipped/>
  </testcase>
  <testcase time="0" classname="chapter06.naturalid.NaturalIDTest" name="testSimpleNaturalID">
    <skipped/>
  </testcase>
  <testcase time="0" classname="chapter04.orpahn.OrphanRemovalTest" name="orphanRemovalTest">
    <skipped/>
  </testcase>
  <testcase time="0" classname="chapter03.hibernate.PersistenceTest" name="saveMessage">
    <skipped/>
  </testcase>
  <testcase time="0" classname="chapter04.general.PersistingEntityesTest" name="testMerge">
    <skipped/>
  </testcase>
  <testcase time="0" classname="chapter04.general.PersistingEntityesTest" name="testRefresh">
    <skipped/>
  </testcase>
  <testcase time="0" classname="chapter04.general.PersistingEntityesTest" name="testSaveLoad">
    <skipped/>
  </testcase>
  <testcase time="0" classname="chapter04.general.PersistingEntityesTest" name="testSaveLoad2">
    <skipped/>
  </testcase>
  <testcase time="0" classname="chapter04.general.PersistingEntityesTest" name="testSaveOrUpdateEntity">
    <skipped/>
  </testcase>
  <testcase time="0.001" classname="chapter04.general.PersistingEntityesTest" name="testSavingEntitiesTwice">
    <skipped/>
  </testcase>
  <testcase time="0.001" classname="chapter03.hibernate.PersonTest" name="setUp">
    <skipped/>
  </testcase>
  <testcase time="0" classname="chapter03.hibernate.PersonTest" name="testSavePerson">
    <skipped/>
  </testcase>
  <testcase time="0" classname="chapter03.hibernate.PersonTest" name="shutDown">
    <skipped/>
  </testcase>
  <testcase time="0" classname="chapter09.QueryTest" name="populateData">
    <skipped/>
  </testcase>
  <testcase time="0" classname="chapter09.QueryTest" name="testNamedQuery">
    <skipped/>
  </testcase>
  <testcase time="0" classname="chapter09.QueryTest" name="closeSession">
    <skipped/>
  </testcase>
  <testcase time="0" classname="chapter09.QueryTest" name="populateData">
    <skipped/>
  </testcase>
  <testcase time="0" classname="chapter09.QueryTest" name="testSimpleQuery">
    <skipped/>
  </testcase>
  <testcase time="0" classname="chapter09.QueryTest" name="closeSession">
    <skipped/>
  </testcase>
  <testcase time="0" classname="chapter03.hibernate.RankingServiceTest" name="addRanking">
    <skipped/>
  </testcase>
  <testcase time="0" classname="chapter03.hibernate.RankingServiceTest" name="findAllRankings">
    <skipped/>
  </testcase>
  <testcase time="0" classname="chapter03.hibernate.RankingServiceTest" name="findAllRankingsEmptySet">
    <skipped/>
  </testcase>
  <testcase time="0" classname="chapter03.hibernate.RankingServiceTest" name="findBestForNonexistentSkill">
    <skipped/>
  </testcase>
  <testcase time="0" classname="chapter03.hibernate.RankingServiceTest" name="findBestForSkill">
    <skipped/>
  </testcase>
  <testcase time="0" classname="chapter03.hibernate.RankingServiceTest" name="removeRanking">
    <skipped/>
  </testcase>
  <testcase time="0" classname="chapter03.hibernate.RankingServiceTest" name="updateExistingRanking">
    <skipped/>
  </testcase>
  <testcase time="0" classname="chapter03.hibernate.RankingServiceTest" name="updateNonExistingRanking">
    <skipped/>
  </testcase>
  <testcase time="0" classname="chapter03.hibernate.RankingTest" name="setUp">
    <skipped/>
  </testcase>
  <testcase time="0" classname="chapter03.hibernate.RankingTest" name="changeRangking">
    <skipped/>
  </testcase>
  <testcase time="0" classname="chapter03.hibernate.RankingTest" name="shutDown">
    <skipped/>
  </testcase>
  <testcase time="0.001" classname="chapter03.hibernate.RankingTest" name="setUp">
    <skipped/>
  </testcase>
  <testcase time="0" classname="chapter03.hibernate.RankingTest" name="removeRanking">
    <skipped/>
  </testcase>
  <testcase time="0" classname="chapter03.hibernate.RankingTest" name="shutDown">
    <skipped/>
  </testcase>
  <testcase time="0" classname="chapter03.hibernate.RankingTest" name="setUp">
    <skipped/>
  </testcase>
  <testcase time="0" classname="chapter03.hibernate.RankingTest" name="testRankings">
    <skipped/>
  </testcase>
  <testcase time="0" classname="chapter03.hibernate.RankingTest" name="shutDown">
    <skipped/>
  </testcase>
  <testcase time="0" classname="chapter03.hibernate.RankingTest" name="setUp">
    <skipped/>
  </testcase>
  <testcase time="0" classname="chapter03.hibernate.RankingTest" name="testSaveRanking">
    <skipped/>
  </testcase>
  <testcase time="0" classname="chapter03.hibernate.RankingTest" name="shutDown">
    <skipped/>
  </testcase>
  <testcase time="0.001" classname="chapter03.hibernate.SkillTest" name="setUp">
    <skipped/>
  </testcase>
  <testcase time="0" classname="chapter03.hibernate.SkillTest" name="testSaveSkill">
    <skipped/>
  </testcase>
  <testcase time="0" classname="chapter03.hibernate.SkillTest" name="shutDown">
    <skipped/>
  </testcase>
  <testcase time="0" classname="chapter07.validated.ValidatedTest" name="createValidNoFNamePerson">
    <skipped/>
  </testcase>
  <testcase time="0" classname="chapter07.validated.ValidatedTest" name="createValidPerson">
    <skipped/>
  </testcase>
  <testcase time="0" classname="chapter07.validated.ValidatedTest" name="createValidPoorFNamePerson">
    <skipped/>
  </testcase>
  <testcase time="0" classname="chapter07.validated.ValidatedTest" name="createValidUnderagePerson">
    <skipped/>
  </testcase>
  <testcase time="0.001" classname="chapter10.CriteriaTest" name="populateData">
    <skipped/>
  </testcase>
  <testcase time="0" classname="chapter10.CriteriaTest" name="testSortingResult">
    <skipped/>
  </testcase>
  <testcase time="0" classname="chapter10.CriteriaTest" name="closeSession">
    <skipped/>
  </testcase>
  <testcase time="0" classname="chapter10.CriteriaTest" name="populateData">
    <skipped/>
  </testcase>
  <testcase time="0" classname="chapter10.CriteriaTest" name="testQueryByExampleForProduct">
    <skipped/>
  </testcase>
  <testcase time="0" classname="chapter10.CriteriaTest" name="closeSession">
    <skipped/>
  </testcase>
  <testcase time="0" classname="chapter10.CriteriaTest" name="populateData">
    <skipped/>
  </testcase>
  <testcase time="0" classname="chapter10.CriteriaTest" name="testPagingResult">
    <skipped/>
  </testcase>
  <testcase time="0.001" classname="chapter10.CriteriaTest" name="closeSession">
    <skipped/>
  </testcase>
  <testcase time="0.001" classname="chapter10.CriteriaTest" name="populateData">
    <skipped/>
  </testcase>
  <testcase time="0" classname="chapter10.CriteriaTest" name="testLikeCriteria">
    <skipped/>
  </testcase>
  <testcase time="0" classname="chapter10.CriteriaTest" name="closeSession">
    <skipped/>
  </testcase>
  <testcase time="0" classname="chapter10.CriteriaTest" name="populateData">
    <skipped/>
  </testcase>
  <testcase time="0" classname="chapter10.CriteriaTest" name="testQueryByExampleForSupplier">
    <skipped/>
  </testcase>
  <testcase time="0" classname="chapter10.CriteriaTest" name="closeSession">
    <skipped/>
  </testcase>
  <testcase time="0" classname="chapter07.validated.CoordinateTest" name="testVaildCoordinate">
    <skipped/>
  </testcase>
  <testcase time="0" classname="chapter07.validated.CoordinateTest" name="testVaildCoordinate">
    <skipped/>
  </testcase>
  <testcase time="0" classname="chapter07.validated.CoordinateTest" name="testVaildCoordinate">
    <skipped/>
  </testcase>
  <testcase time="0" classname="chapter07.validated.CoordinateTest" name="testVaildCoordinate">
    <skipped/>
  </testcase>
  <testcase time="0" classname="chapter07.validated.CoordinateTest" name="testVaildCoordinate">
    <skipped/>
  </testcase>
  <testcase time="0" classname="chapter07.validated.CoordinateTest" name="testVaildCoordinate">
    <skipped/>
  </testcase>
  <testcase time="0" classname="chapter07.validated.CoordinateTest" name="testVaildCoordinate">
    <skipped/>
  </testcase>
  <testcase time="0" classname="chapter07.validated.CoordinateTest" name="testVaildCoordinate">
    <skipped/>
  </testcase>
  <testcase time="0" classname="chapter07.validated.CoordinateTest" name="testInvalidCoordinate">
    <skipped/>
  </testcase>
  <testcase time="0" classname="chapter12.MongodbTest" name="testCR">
    <skipped/>
  </testcase>
  <testcase time="0" classname="chapter12.MongodbTest" name="clearDB">
    <skipped/>
  </testcase>
  <testcase time="0.001" classname="chapter03.hibernate.PersistenceTest" name="readMessage">
    <skipped/>
  </testcase>
</testsuite>