<?xml version="1.0" encoding="UTF-8"?>
<testng-results skipped="1" failed="0" total="1" passed="0">
  <reporter-output>
  </reporter-output>
  <suite name="Default suite" duration-ms="31" started-at="2015-03-04T13:42:17Z" finished-at="2015-03-04T13:42:17Z">
    <groups>
    </groups>
    <test name="Default test" duration-ms="31" started-at="2015-03-04T13:42:17Z" finished-at="2015-03-04T13:42:17Z">
      <class name="chapter12.InfinispanTest">
        <test-method status="FAIL" signature="clearInfinispan()[pri:0, instance:chapter12.InfinispanTest@3a7faad6]" name="clearInfinispan" is-config="true" duration-ms="0" started-at="2015-03-05T00:42:17Z" finished-at="2015-03-05T00:42:17Z">
          <exception class="java.lang.NoClassDefFoundError">
            <message>
              <![CDATA[org/hibernate/jpa/HibernatePersistenceProvider]]>
            </message>
            <full-stacktrace>
              <![CDATA[java.lang.NoClassDefFoundError: org/hibernate/jpa/HibernatePersistenceProvider
	at org.hibernate.ogm.jpa.HibernateOgmPersistence.<init>(HibernateOgmPersistence.java:42)
	at sun.reflect.NativeConstructorAccessorImpl.newInstance0(Native Method)
	at sun.reflect.NativeConstructorAccessorImpl.newInstance(NativeConstructorAccessorImpl.java:57)
	at sun.reflect.DelegatingConstructorAccessorImpl.newInstance(DelegatingConstructorAccessorImpl.java:45)
	at java.lang.reflect.Constructor.newInstance(Constructor.java:526)
	at java.lang.Class.newInstance(Class.java:374)
	at javax.persistence.spi.PersistenceProviderResolverHolder$PersistenceProviderResolverPerClassLoader$CachingPersistenceProviderResolver.getPersistenceProviders(PersistenceProviderResolverHolder.java:177)
	at javax.persistence.spi.PersistenceProviderResolverHolder$PersistenceProviderResolverPerClassLoader.getPersistenceProviders(PersistenceProviderResolverHolder.java:84)
	at javax.persistence.Persistence.getProviders(Persistence.java:69)
	at javax.persistence.Persistence.createEntityManagerFactory(Persistence.java:53)
	at javax.persistence.Persistence.createEntityManagerFactory(Persistence.java:39)
	at chapter12.BaseOGMTest.getEntityManager(BaseOGMTest.java:22)
	at chapter12.InfinispanTest.clearInfinispan(InfinispanTest.java:14)
	at sun.reflect.NativeMethodAccessorImpl.invoke0(Native Method)
	at sun.reflect.NativeMethodAccessorImpl.invoke(NativeMethodAccessorImpl.java:57)
	at sun.reflect.DelegatingMethodAccessorImpl.invoke(DelegatingMethodAccessorImpl.java:43)
	at java.lang.reflect.Method.invoke(Method.java:606)
	at org.testng.internal.MethodInvocationHelper.invokeMethod(MethodInvocationHelper.java:84)
	at org.testng.internal.Invoker.invokeConfigurationMethod(Invoker.java:564)
	at org.testng.internal.Invoker.invokeConfigurations(Invoker.java:213)
	at org.testng.internal.Invoker.invokeMethod(Invoker.java:653)
	at org.testng.internal.Invoker.invokeTestMethod(Invoker.java:901)
	at org.testng.internal.Invoker.invokeTestMethods(Invoker.java:1231)
	at org.testng.internal.TestMethodWorker.invokeTestMethods(TestMethodWorker.java:127)
	at org.testng.internal.TestMethodWorker.run(TestMethodWorker.java:111)
	at org.testng.TestRunner.privateRun(TestRunner.java:767)
	at org.testng.TestRunner.run(TestRunner.java:617)
	at org.testng.SuiteRunner.runTest(SuiteRunner.java:334)
	at org.testng.SuiteRunner.runSequentially(SuiteRunner.java:329)
	at org.testng.SuiteRunner.privateRun(SuiteRunner.java:291)
	at org.testng.SuiteRunner.run(SuiteRunner.java:240)
	at org.testng.SuiteRunnerWorker.runSuite(SuiteRunnerWorker.java:52)
	at org.testng.SuiteRunnerWorker.run(SuiteRunnerWorker.java:86)
	at org.testng.TestNG.runSuitesSequentially(TestNG.java:1224)
	at org.testng.TestNG.runSuitesLocally(TestNG.java:1149)
	at org.testng.TestNG.run(TestNG.java:1057)
	at org.testng.remote.RemoteTestNG.run(RemoteTestNG.java:111)
	at org.testng.remote.RemoteTestNG.initAndRun(RemoteTestNG.java:204)
	at org.testng.remote.RemoteTestNG.main(RemoteTestNG.java:175)
Caused by: java.lang.ClassNotFoundException: org.hibernate.jpa.HibernatePersistenceProvider
	at java.net.URLClassLoader$1.run(URLClassLoader.java:366)
	at java.net.URLClassLoader$1.run(URLClassLoader.java:355)
	at java.security.AccessController.doPrivileged(Native Method)
	at java.net.URLClassLoader.findClass(URLClassLoader.java:354)
	at java.lang.ClassLoader.loadClass(ClassLoader.java:424)
	at sun.misc.Launcher$AppClassLoader.loadClass(Launcher.java:308)
	at java.lang.ClassLoader.loadClass(ClassLoader.java:357)
	... 39 more
]]>
            </full-stacktrace>
          </exception> <!-- java.lang.NoClassDefFoundError -->
          <reporter-output>
          </reporter-output>
        </test-method> <!-- clearInfinispan -->
        <test-method status="SKIP" signature="testCR()[pri:0, instance:chapter12.InfinispanTest@3a7faad6]" name="testCR" duration-ms="1" started-at="2015-03-05T00:42:17Z" finished-at="2015-03-05T00:42:17Z">
          <reporter-output>
          </reporter-output>
        </test-method> <!-- testCR -->
      </class> <!-- chapter12.InfinispanTest -->
    </test> <!-- Default test -->
  </suite> <!-- Default suite -->
</testng-results>
